[2026-03-19 11:51:52] === APP STARTED ===
[2026-03-19 11:51:55] CONNECTED to COM1
[2026-03-19 11:52:07] ACTION: SALE RM 0.01 (Inv: 1)
[2026-03-19 11:52:07] TX > 02 30 32 30 30 30 30 30 30 30 30 30 30 30 30 31 30 30 30 30 30 31 20 20 39 39 09 CD CF CF CE DF DE C6 03 
[2026-03-19 11:52:07] --- TX HEX BREAKDOWN ---
[2026-03-19 11:52:07] Total Packet Length: 35 bytes
[2026-03-19 11:52:07] STX (1 byte)  : 02
[2026-03-19 11:52:07] Command (3)   : 020 (SALE)
[2026-03-19 11:52:07] Amount (12)   : 000000000001 (RM 0.01)
[2026-03-19 11:52:07] Invoice (6)   : 000001
[2026-03-19 11:52:07] Cashier (4)   :   99
[2026-03-19 11:52:07] MAC/Pad (8)   : 09 CD CF CF CE DF DE C6 
[2026-03-19 11:52:07] ETX (1 byte)  : 03
[2026-03-19 11:52:07] ------------------------
[2026-03-19 11:52:15] RX < 02 30 32 31 30 30 34 30 30 30 31 32 33 34 58 58 58 58 58 58 39 38 37 36 30 30 30 30 33 32 30 32 30 38 31 34 32 32 30 33 20 20 30 30 30 30 30 30 30 30 30 30 30 31 30 30 30 30 30 30 30 30 30 30 30 30 30 30 30 30 35 33 30 30 30 30 33 30 20 20 39 39 20 20 20 20 20 20 20 20 4D 59 44 45 42 49 54 92 F0 EA 91 9B E5 EB FF 03 
[2026-03-19 11:52:15] --- RX HEX BREAKDOWN ---
[2026-03-19 11:52:15] Total Packet Length: 106 bytes
[2026-03-19 11:52:15] STX (1 byte)  : 02
[2026-03-19 11:52:15] Command (3)   : 021
[2026-03-19 11:52:15] Error Code (2): 00
[2026-03-19 11:52:15] Card No (22)  : 40001234XXXXXX98760000
[2026-03-19 11:52:15] Expiry (4)    : 3202
[2026-03-19 11:52:15] Card Type (2) : 08
[2026-03-19 11:52:15] Auth Code (8) : 142203 
[2026-03-19 11:52:15] Gross Amt (12): 000000000001
[2026-03-19 11:52:15] Net Amt (12)  : 000000000000
[2026-03-19 11:52:15] Trace No (6)  : 000053
[2026-03-19 11:52:15] Invoice (6)   : 000030
[2026-03-19 11:52:15] Cashier (4)   :   99
[2026-03-19 11:52:15] Card Name (15):         MYDEBIT
[2026-03-19 11:52:15] ... (Older Firmware: TID, MID, and Batch No omitted)
[2026-03-19 11:52:15] ------------------------
[2026-03-19 11:52:15] STATUS: APPROVED
[2026-03-19 11:52:15] 
=========================================
            *** APPROVED *** =========================================
MERCHANT ID:  N/A
TERMINAL ID:  N/A
TIME:         2026-03-19 11:52:15
BATCH NO:     N/A
-----------------------------------------
STAN:         000053
INVOICE:      000030
-----------------------------------------
TRANS TYPE:   SALE
CASHIER ID:     99

CARD NO:      40001234XXXXXX98760000
EXPIRY:       3202
CARD TYPE:    08 (MYDEBIT)
AUTH CODE:    142203  
-----------------------------------------
GROSS AMT:    RM 0.01
NET AMT:      RM 0.00
-----------------------------------------
               THANK YOU!
=========================================

[2026-03-19 11:52:24] ACTION: SALE RM 0.01 (Inv: 2)
[2026-03-19 11:52:24] TX > 02 30 32 30 30 30 30 30 30 30 30 30 30 30 30 31 30 30 30 30 30 32 20 20 39 39 09 CD CF CF CD DF DE C6 03 
[2026-03-19 11:52:24] --- TX HEX BREAKDOWN ---
[2026-03-19 11:52:24] Total Packet Length: 35 bytes
[2026-03-19 11:52:24] STX (1 byte)  : 02
[2026-03-19 11:52:24] Command (3)   : 020 (SALE)
[2026-03-19 11:52:24] Amount (12)   : 000000000001 (RM 0.01)
[2026-03-19 11:52:24] Invoice (6)   : 000002
[2026-03-19 11:52:24] Cashier (4)   :   99
[2026-03-19 11:52:24] MAC/Pad (8)   : 09 CD CF CF CD DF DE C6 
[2026-03-19 11:52:24] ETX (1 byte)  : 03
[2026-03-19 11:52:24] ------------------------
[2026-03-19 11:52:30] RX < 02 30 32 31 43 54 30 30 30 30 30 30 30 30 30 30 30 30 30 30 30 30 30 30 30 30 30 30 30 30 30 30 30 30 20 20 20 20 20 20 20 20 30 30 30 30 30 30 30 30 30 30 30 31 30 30 30 30 30 30 30 30 30 30 30 30 30 30 30 30 30 31 30 30 30 30 30 30 20 20 39 39 20 20 20 20 20 20 20 20 20 20 20 20 20 20 20 F6 ED EE 9C 8A FF FE E6 03 
[2026-03-19 11:52:30] --- RX HEX BREAKDOWN ---
[2026-03-19 11:52:30] Total Packet Length: 106 bytes
[2026-03-19 11:52:30] STX (1 byte)  : 02
[2026-03-19 11:52:30] Command (3)   : 021
[2026-03-19 11:52:30] Error Code (2): CT
[2026-03-19 11:52:30] Card No (22)  : 0000000000000000000000
[2026-03-19 11:52:30] Expiry (4)    : 0000
[2026-03-19 11:52:30] Card Type (2) : 00
[2026-03-19 11:52:30] Auth Code (8) :         
[2026-03-19 11:52:30] Gross Amt (12): 000000000001
[2026-03-19 11:52:30] Net Amt (12)  : 000000000000
[2026-03-19 11:52:30] Trace No (6)  : 000001
[2026-03-19 11:52:30] Invoice (6)   : 000000
[2026-03-19 11:52:30] Cashier (4)   :   99
[2026-03-19 11:52:30] Card Name (15):                
[2026-03-19 11:52:30] ... (Older Firmware: TID, MID, and Batch No omitted)
[2026-03-19 11:52:30] ------------------------
[2026-03-19 11:52:30] STATUS: DECLINED (Code: CT)
[2026-03-19 11:52:33] DISCONNECTED
[2026-03-19 11:52:33] === APP CLOSED ===

[2026-03-19 12:12:03] === APP STARTED ===
[2026-03-19 12:12:10] CONNECTED to COM1
[2026-03-19 12:12:15] ACTION: SALE RM 0.01 (Inv: 1)
[2026-03-19 12:12:15] TX > 02 30 32 30 30 30 30 30 30 30 30 30 30 30 30 31 30 30 30 30 30 31 20 20 39 39 09 CD CF CF CE DF DE C6 03 
[2026-03-19 12:12:15] --- TX HEX BREAKDOWN ---
[2026-03-19 12:12:15] Total Packet Length: 35 bytes
[2026-03-19 12:12:15] STX (1 byte)  : 02
[2026-03-19 12:12:15] Command (3)   : 020 (SALE)
[2026-03-19 12:12:15] Amount (12)   : 000000000001 (RM 0.01)
[2026-03-19 12:12:15] Invoice (6)   : 000001
[2026-03-19 12:12:15] Cashier (4)   :   99
[2026-03-19 12:12:15] MAC/Pad (8)   : 09 CD CF CF CE DF DE C6 
[2026-03-19 12:12:15] ETX (1 byte)  : 03
[2026-03-19 12:12:15] ------------------------
[2026-03-19 12:12:29] RX < 02 30 32 31 43 54 30 30 30 30 30 30 30 30 30 30 30 30 30 30 30 30 30 30 30 30 30 30 30 30 30 30 30 30 20 20 20 20 20 20 20 20 30 30 30 30 30 30 30 30 30 30 30 31 30 30 30 30 30 30 30 30 30 30 30 30 30 30 30 30 30 31 30 30 30 30 30 30 20 20 39 39 20 20 20 20 20 20 20 20 20 20 20 20 20 20 20 F6 ED EE 9C 8A FF FE E6 03 
[2026-03-19 12:12:29] --- RX HEX BREAKDOWN ---
[2026-03-19 12:12:29] Total Packet Length: 106 bytes
[2026-03-19 12:12:29] STX (1 byte)  : 02
[2026-03-19 12:12:29] Command (3)   : 021
[2026-03-19 12:12:29] Error Code (2): CT
[2026-03-19 12:12:29] Card No (22)  : 0000000000000000000000
[2026-03-19 12:12:29] Expiry (4)    : 0000
[2026-03-19 12:12:29] Card Type (2) : 00
[2026-03-19 12:12:29] Auth Code (8) :         
[2026-03-19 12:12:29] Gross Amt (12): 000000000001
[2026-03-19 12:12:29] Net Amt (12)  : 000000000000
[2026-03-19 12:12:29] Trace No (6)  : 000001
[2026-03-19 12:12:29] Invoice (6)   : 000000
[2026-03-19 12:12:29] Cashier (4)   :   99
[2026-03-19 12:12:29] Card Name (15):                
[2026-03-19 12:12:29] ... (Older Firmware: TID, MID, and Batch No omitted)
[2026-03-19 12:12:29] ------------------------
[2026-03-19 12:12:29] STATUS: DECLINED (Code: CT)
[2026-03-19 12:25:24] === APP STARTED ===
[2026-03-19 12:47:54] === APP STARTED ===
[2026-03-19 12:53:48] CONNECTED to COM1
[2026-03-19 12:53:52] ACTION: SALE RM 0.01 (Inv: 1)
[2026-03-19 12:53:52] TX > 02 30 32 30 30 30 30 30 30 30 30 30 30 30 30 31 30 30 30 30 30 31 20 20 39 39 09 CD CF CF CE DF DE C6 03 
[2026-03-19 12:53:52] --- TX HEX BREAKDOWN ---
[2026-03-19 12:53:52] Total Packet Length: 35 bytes
[2026-03-19 12:53:52] STX (1 byte)  : 02
[2026-03-19 12:53:52] Command (3)   : 020 (SALE)
[2026-03-19 12:53:52] Amount (12)   : 000000000001 (RM 0.01)
[2026-03-19 12:53:52] Invoice (6)   : 000001
[2026-03-19 12:53:52] Cashier (4)   :   99
[2026-03-19 12:53:52] MAC/Pad (8)   : 09 CD CF CF CE DF DE C6 
[2026-03-19 12:53:52] ETX (1 byte)  : 03
[2026-03-19 12:53:52] ------------------------